[INFO  - 2016-11-05T07:25:06.313Z] GhostDriver - Main - running on port 62806
[INFO  - 2016-11-05T07:25:06.913Z] Session [f9f681c0-a328-11e6-82aa-05b725befa84] - page.settings - {"XSSAuditingEnabled":false,"javascriptCanCloseWindows":true,"javascriptCanOpenWindows":true,"javascriptEnabled":true,"loadImages":true,"localToRemoteUrlAccessEnabled":false,"userAgent":"Mozilla/5.0 (Macintosh; Intel Mac OS X) AppleWebKit/538.1 (KHTML, like Gecko) PhantomJS/2.1.1 Safari/538.1","webSecurityEnabled":true}
[INFO  - 2016-11-05T07:25:06.913Z] Session [f9f681c0-a328-11e6-82aa-05b725befa84] - page.customHeaders:  - {}
[INFO  - 2016-11-05T07:25:06.913Z] Session [f9f681c0-a328-11e6-82aa-05b725befa84] - Session.negotiatedCapabilities - {"browserName":"phantomjs","version":"2.1.1","driverName":"ghostdriver","driverVersion":"1.2.0","platform":"mac-unknown-64bit","javascriptEnabled":true,"takesScreenshot":true,"handlesAlerts":false,"databaseEnabled":false,"locationContextEnabled":false,"applicationCacheEnabled":false,"browserConnectionEnabled":false,"cssSelectorsEnabled":true,"webStorageEnabled":false,"rotatable":false,"acceptSslCerts":false,"nativeEvents":true,"proxy":{"proxyType":"direct"}}
[INFO  - 2016-11-05T07:25:06.913Z] SessionManagerReqHand - _postNewSessionCommand - New Session Created: f9f681c0-a328-11e6-82aa-05b725befa84
[INFO  - 2016-11-05T07:30:06.328Z] SessionManagerReqHand - _cleanupWindowlessSessions - Asynchronous Sessions clean-up phase starting NOW
[INFO  - 2016-11-05T07:35:06.346Z] SessionManagerReqHand - _cleanupWindowlessSessions - Asynchronous Sessions clean-up phase starting NOW
[INFO  - 2016-11-05T07:40:06.365Z] SessionManagerReqHand - _cleanupWindowlessSessions - Asynchronous Sessions clean-up phase starting NOW
[INFO  - 2016-11-05T07:45:06.400Z] SessionManagerReqHand - _cleanupWindowlessSessions - Asynchronous Sessions clean-up phase starting NOW
[INFO  - 2016-11-05T07:50:06.419Z] SessionManagerReqHand - _cleanupWindowlessSessions - Asynchronous Sessions clean-up phase starting NOW
[INFO  - 2016-11-05T07:55:06.437Z] SessionManagerReqHand - _cleanupWindowlessSessions - Asynchronous Sessions clean-up phase starting NOW
[INFO  - 2016-11-05T08:04:34.165Z] SessionManagerReqHand - _cleanupWindowlessSessions - Asynchronous Sessions clean-up phase starting NOW
[INFO  - 2016-11-05T08:09:34.180Z] SessionManagerReqHand - _cleanupWindowlessSessions - Asynchronous Sessions clean-up phase starting NOW
[INFO  - 2016-11-05T08:14:34.199Z] SessionManagerReqHand - _cleanupWindowlessSessions - Asynchronous Sessions clean-up phase starting NOW
[INFO  - 2016-11-05T08:19:34.218Z] SessionManagerReqHand - _cleanupWindowlessSessions - Asynchronous Sessions clean-up phase starting NOW
[INFO  - 2016-11-05T08:24:34.233Z] SessionManagerReqHand - _cleanupWindowlessSessions - Asynchronous Sessions clean-up phase starting NOW
[INFO  - 2016-11-05T08:29:34.248Z] SessionManagerReqHand - _cleanupWindowlessSessions - Asynchronous Sessions clean-up phase starting NOW
[INFO  - 2016-11-05T08:34:34.263Z] SessionManagerReqHand - _cleanupWindowlessSessions - Asynchronous Sessions clean-up phase starting NOW
[INFO  - 2016-11-05T08:39:34.284Z] SessionManagerReqHand - _cleanupWindowlessSessions - Asynchronous Sessions clean-up phase starting NOW
[INFO  - 2016-11-05T08:44:34.304Z] SessionManagerReqHand - _cleanupWindowlessSessions - Asynchronous Sessions clean-up phase starting NOW
[ERROR - 2016-11-05T08:44:52.066Z] Session [f9f681c0-a328-11e6-82aa-05b725befa84] - page.onError - msg: TypeError: undefined is not an object (evaluating '$.browser.msie')

  phantomjs://platform/console++.js:263 in error
[ERROR - 2016-11-05T08:44:52.067Z] Session [f9f681c0-a328-11e6-82aa-05b725befa84] - page.onError - stack:
  l (http://www.500cache.com/live/js/common_ws.js?v=20151112:31)
  B (http://www.500cache.com/live/js/common_ws.js?v=20151112:43)
  (anonymous function) (http://www.500cache.com/live/js/common_ws.js?v=20151112:44)
  emit (http://www.500cache.com/live/js/socket.io-1.3.4.js?v=20150812:1)
  onevent (http://www.500cache.com/live/js/socket.io-1.3.4.js?v=20150812:1)
  onpacket (http://www.500cache.com/live/js/socket.io-1.3.4.js?v=20150812:1)
  (anonymous function) (http://www.500cache.com/live/js/socket.io-1.3.4.js?v=20150812:1)
  emit (http://www.500cache.com/live/js/socket.io-1.3.4.js?v=20150812:1)
  ondecoded (http://www.500cache.com/live/js/socket.io-1.3.4.js?v=20150812:1)
  (anonymous function) (http://www.500cache.com/live/js/socket.io-1.3.4.js?v=20150812:1)
  emit (http://www.500cache.com/live/js/socket.io-1.3.4.js?v=20150812:1)
  add (http://www.500cache.com/live/js/socket.io-1.3.4.js?v=20150812:3)
  ondata (http://www.500cache.com/live/js/socket.io-1.3.4.js?v=20150812:1)
  (anonymous function) (http://www.500cache.com/live/js/socket.io-1.3.4.js?v=20150812:1)
  emit (http://www.500cache.com/live/js/socket.io-1.3.4.js?v=20150812:1)
  onPacket (http://www.500cache.com/live/js/socket.io-1.3.4.js?v=20150812:1)
  (anonymous function) (http://www.500cache.com/live/js/socket.io-1.3.4.js?v=20150812:1)
  emit (http://www.500cache.com/live/js/socket.io-1.3.4.js?v=20150812:1)
  onPacket (http://www.500cache.com/live/js/socket.io-1.3.4.js?v=20150812:1)
  onData (http://www.500cache.com/live/js/socket.io-1.3.4.js?v=20150812:1)
  onmessage (http://www.500cache.com/live/js/socket.io-1.3.4.js?v=20150812:2)

  phantomjs://platform/console++.js:263 in error
[INFO  - 2016-11-05T08:49:34.323Z] SessionManagerReqHand - _cleanupWindowlessSessions - Asynchronous Sessions clean-up phase starting NOW
[INFO  - 2016-11-05T08:54:34.342Z] SessionManagerReqHand - _cleanupWindowlessSessions - Asynchronous Sessions clean-up phase starting NOW
[INFO  - 2016-11-05T08:59:34.357Z] SessionManagerReqHand - _cleanupWindowlessSessions - Asynchronous Sessions clean-up phase starting NOW
[ERROR - 2016-11-05T09:03:19.349Z] Session [f9f681c0-a328-11e6-82aa-05b725befa84] - page.onError - msg: TypeError: undefined is not an object (evaluating '$.browser.msie')

  phantomjs://platform/console++.js:263 in error
[ERROR - 2016-11-05T09:03:19.356Z] Session [f9f681c0-a328-11e6-82aa-05b725befa84] - page.onError - stack:
  l (http://www.500cache.com/live/js/common_ws.js?v=20151112:31)
  B (http://www.500cache.com/live/js/common_ws.js?v=20151112:43)
  (anonymous function) (http://www.500cache.com/live/js/common_ws.js?v=20151112:44)
  emit (http://www.500cache.com/live/js/socket.io-1.3.4.js?v=20150812:1)
  onevent (http://www.500cache.com/live/js/socket.io-1.3.4.js?v=20150812:1)
  onpacket (http://www.500cache.com/live/js/socket.io-1.3.4.js?v=20150812:1)
  (anonymous function) (http://www.500cache.com/live/js/socket.io-1.3.4.js?v=20150812:1)
  emit (http://www.500cache.com/live/js/socket.io-1.3.4.js?v=20150812:1)
  ondecoded (http://www.500cache.com/live/js/socket.io-1.3.4.js?v=20150812:1)
  (anonymous function) (http://www.500cache.com/live/js/socket.io-1.3.4.js?v=20150812:1)
  emit (http://www.500cache.com/live/js/socket.io-1.3.4.js?v=20150812:1)
  add (http://www.500cache.com/live/js/socket.io-1.3.4.js?v=20150812:3)
  ondata (http://www.500cache.com/live/js/socket.io-1.3.4.js?v=20150812:1)
  (anonymous function) (http://www.500cache.com/live/js/socket.io-1.3.4.js?v=20150812:1)
  emit (http://www.500cache.com/live/js/socket.io-1.3.4.js?v=20150812:1)
  onPacket (http://www.500cache.com/live/js/socket.io-1.3.4.js?v=20150812:1)
  (anonymous function) (http://www.500cache.com/live/js/socket.io-1.3.4.js?v=20150812:1)
  emit (http://www.500cache.com/live/js/socket.io-1.3.4.js?v=20150812:1)
  onPacket (http://www.500cache.com/live/js/socket.io-1.3.4.js?v=20150812:1)
  onData (http://www.500cache.com/live/js/socket.io-1.3.4.js?v=20150812:1)
  onmessage (http://www.500cache.com/live/js/socket.io-1.3.4.js?v=20150812:2)

  phantomjs://platform/console++.js:263 in error
[ERROR - 2016-11-05T09:03:26.671Z] Session [f9f681c0-a328-11e6-82aa-05b725befa84] - page.onError - msg: TypeError: undefined is not an object (evaluating '$.browser.msie')

  phantomjs://platform/console++.js:263 in error
[ERROR - 2016-11-05T09:03:26.671Z] Session [f9f681c0-a328-11e6-82aa-05b725befa84] - page.onError - stack:
  l (http://www.500cache.com/live/js/common_ws.js?v=20151112:31)
  B (http://www.500cache.com/live/js/common_ws.js?v=20151112:43)
  (anonymous function) (http://www.500cache.com/live/js/common_ws.js?v=20151112:44)
  emit (http://www.500cache.com/live/js/socket.io-1.3.4.js?v=20150812:1)
  onevent (http://www.500cache.com/live/js/socket.io-1.3.4.js?v=20150812:1)
  onpacket (http://www.500cache.com/live/js/socket.io-1.3.4.js?v=20150812:1)
  (anonymous function) (http://www.500cache.com/live/js/socket.io-1.3.4.js?v=20150812:1)
  emit (http://www.500cache.com/live/js/socket.io-1.3.4.js?v=20150812:1)
  ondecoded (http://www.500cache.com/live/js/socket.io-1.3.4.js?v=20150812:1)
  (anonymous function) (http://www.500cache.com/live/js/socket.io-1.3.4.js?v=20150812:1)
  emit (http://www.500cache.com/live/js/socket.io-1.3.4.js?v=20150812:1)
  add (http://www.500cache.com/live/js/socket.io-1.3.4.js?v=20150812:3)
  ondata (http://www.500cache.com/live/js/socket.io-1.3.4.js?v=20150812:1)
  (anonymous function) (http://www.500cache.com/live/js/socket.io-1.3.4.js?v=20150812:1)
  emit (http://www.500cache.com/live/js/socket.io-1.3.4.js?v=20150812:1)
  onPacket (http://www.500cache.com/live/js/socket.io-1.3.4.js?v=20150812:1)
  (anonymous function) (http://www.500cache.com/live/js/socket.io-1.3.4.js?v=20150812:1)
  emit (http://www.500cache.com/live/js/socket.io-1.3.4.js?v=20150812:1)
  onPacket (http://www.500cache.com/live/js/socket.io-1.3.4.js?v=20150812:1)
  onData (http://www.500cache.com/live/js/socket.io-1.3.4.js?v=20150812:1)
  onmessage (http://www.500cache.com/live/js/socket.io-1.3.4.js?v=20150812:2)

  phantomjs://platform/console++.js:263 in error
[INFO  - 2016-11-05T09:04:34.373Z] SessionManagerReqHand - _cleanupWindowlessSessions - Asynchronous Sessions clean-up phase starting NOW
[INFO  - 2016-11-05T09:09:34.393Z] SessionManagerReqHand - _cleanupWindowlessSessions - Asynchronous Sessions clean-up phase starting NOW
[INFO  - 2016-11-05T09:14:34.410Z] SessionManagerReqHand - _cleanupWindowlessSessions - Asynchronous Sessions clean-up phase starting NOW
[INFO  - 2016-11-05T09:19:34.425Z] SessionManagerReqHand - _cleanupWindowlessSessions - Asynchronous Sessions clean-up phase starting NOW
[INFO  - 2016-11-05T09:24:34.444Z] SessionManagerReqHand - _cleanupWindowlessSessions - Asynchronous Sessions clean-up phase starting NOW
[INFO  - 2016-11-05T09:29:34.462Z] SessionManagerReqHand - _cleanupWindowlessSessions - Asynchronous Sessions clean-up phase starting NOW
[INFO  - 2016-11-05T09:34:34.481Z] SessionManagerReqHand - _cleanupWindowlessSessions - Asynchronous Sessions clean-up phase starting NOW
[ERROR - 2016-11-05T09:36:17.762Z] Session [f9f681c0-a328-11e6-82aa-05b725befa84] - page.onError - msg: TypeError: undefined is not an object (evaluating '$.browser.msie')

  phantomjs://platform/console++.js:263 in error
[ERROR - 2016-11-05T09:36:17.770Z] Session [f9f681c0-a328-11e6-82aa-05b725befa84] - page.onError - stack:
  l (http://www.500cache.com/live/js/common_ws.js?v=20151112:31)
  B (http://www.500cache.com/live/js/common_ws.js?v=20151112:43)
  (anonymous function) (http://www.500cache.com/live/js/common_ws.js?v=20151112:44)
  emit (http://www.500cache.com/live/js/socket.io-1.3.4.js?v=20150812:1)
  onevent (http://www.500cache.com/live/js/socket.io-1.3.4.js?v=20150812:1)
  onpacket (http://www.500cache.com/live/js/socket.io-1.3.4.js?v=20150812:1)
  (anonymous function) (http://www.500cache.com/live/js/socket.io-1.3.4.js?v=20150812:1)
  emit (http://www.500cache.com/live/js/socket.io-1.3.4.js?v=20150812:1)
  ondecoded (http://www.500cache.com/live/js/socket.io-1.3.4.js?v=20150812:1)
  (anonymous function) (http://www.500cache.com/live/js/socket.io-1.3.4.js?v=20150812:1)
  emit (http://www.500cache.com/live/js/socket.io-1.3.4.js?v=20150812:1)
  add (http://www.500cache.com/live/js/socket.io-1.3.4.js?v=20150812:3)
  ondata (http://www.500cache.com/live/js/socket.io-1.3.4.js?v=20150812:1)
  (anonymous function) (http://www.500cache.com/live/js/socket.io-1.3.4.js?v=20150812:1)
  emit (http://www.500cache.com/live/js/socket.io-1.3.4.js?v=20150812:1)
  onPacket (http://www.500cache.com/live/js/socket.io-1.3.4.js?v=20150812:1)
  (anonymous function) (http://www.500cache.com/live/js/socket.io-1.3.4.js?v=20150812:1)
  emit (http://www.500cache.com/live/js/socket.io-1.3.4.js?v=20150812:1)
  onPacket (http://www.500cache.com/live/js/socket.io-1.3.4.js?v=20150812:1)
  onData (http://www.500cache.com/live/js/socket.io-1.3.4.js?v=20150812:1)
  onmessage (http://www.500cache.com/live/js/socket.io-1.3.4.js?v=20150812:2)

  phantomjs://platform/console++.js:263 in error
[INFO  - 2016-11-05T09:39:34.508Z] SessionManagerReqHand - _cleanupWindowlessSessions - Asynchronous Sessions clean-up phase starting NOW
[INFO  - 2016-11-05T10:10:04.308Z] SessionManagerReqHand - _cleanupWindowlessSessions - Asynchronous Sessions clean-up phase starting NOW
[INFO  - 2016-11-05T10:15:04.325Z] SessionManagerReqHand - _cleanupWindowlessSessions - Asynchronous Sessions clean-up phase starting NOW
[ERROR - 2016-11-05T10:16:00.152Z] Session [f9f681c0-a328-11e6-82aa-05b725befa84] - page.onError - msg: TypeError: undefined is not an object (evaluating '$.browser.msie')

  phantomjs://platform/console++.js:263 in error
[ERROR - 2016-11-05T10:16:00.160Z] Session [f9f681c0-a328-11e6-82aa-05b725befa84] - page.onError - stack:
  l (http://www.500cache.com/live/js/common_ws.js?v=20151112:31)
  B (http://www.500cache.com/live/js/common_ws.js?v=20151112:43)
  (anonymous function) (http://www.500cache.com/live/js/common_ws.js?v=20151112:44)
  emit (http://www.500cache.com/live/js/socket.io-1.3.4.js?v=20150812:1)
  onevent (http://www.500cache.com/live/js/socket.io-1.3.4.js?v=20150812:1)
  onpacket (http://www.500cache.com/live/js/socket.io-1.3.4.js?v=20150812:1)
  (anonymous function) (http://www.500cache.com/live/js/socket.io-1.3.4.js?v=20150812:1)
  emit (http://www.500cache.com/live/js/socket.io-1.3.4.js?v=20150812:1)
  ondecoded (http://www.500cache.com/live/js/socket.io-1.3.4.js?v=20150812:1)
  (anonymous function) (http://www.500cache.com/live/js/socket.io-1.3.4.js?v=20150812:1)
  emit (http://www.500cache.com/live/js/socket.io-1.3.4.js?v=20150812:1)
  add (http://www.500cache.com/live/js/socket.io-1.3.4.js?v=20150812:3)
  ondata (http://www.500cache.com/live/js/socket.io-1.3.4.js?v=20150812:1)
  (anonymous function) (http://www.500cache.com/live/js/socket.io-1.3.4.js?v=20150812:1)
  emit (http://www.500cache.com/live/js/socket.io-1.3.4.js?v=20150812:1)
  onPacket (http://www.500cache.com/live/js/socket.io-1.3.4.js?v=20150812:1)
  (anonymous function) (http://www.500cache.com/live/js/socket.io-1.3.4.js?v=20150812:1)
  emit (http://www.500cache.com/live/js/socket.io-1.3.4.js?v=20150812:1)
  onPacket (http://www.500cache.com/live/js/socket.io-1.3.4.js?v=20150812:1)
  onData (http://www.500cache.com/live/js/socket.io-1.3.4.js?v=20150812:1)
  onmessage (http://www.500cache.com/live/js/socket.io-1.3.4.js?v=20150812:2)

  phantomjs://platform/console++.js:263 in error
[INFO  - 2016-11-05T10:20:04.343Z] SessionManagerReqHand - _cleanupWindowlessSessions - Asynchronous Sessions clean-up phase starting NOW
[INFO  - 2016-11-05T10:25:04.361Z] SessionManagerReqHand - _cleanupWindowlessSessions - Asynchronous Sessions clean-up phase starting NOW
[INFO  - 2016-11-05T10:30:04.381Z] SessionManagerReqHand - _cleanupWindowlessSessions - Asynchronous Sessions clean-up phase starting NOW
[INFO  - 2016-11-05T10:35:04.399Z] SessionManagerReqHand - _cleanupWindowlessSessions - Asynchronous Sessions clean-up phase starting NOW
[INFO  - 2016-11-05T10:40:04.421Z] SessionManagerReqHand - _cleanupWindowlessSessions - Asynchronous Sessions clean-up phase starting NOW
[INFO  - 2016-11-05T10:45:04.444Z] SessionManagerReqHand - _cleanupWindowlessSessions - Asynchronous Sessions clean-up phase starting NOW
[ERROR - 2016-11-05T10:49:20.607Z] Session [f9f681c0-a328-11e6-82aa-05b725befa84] - page.onError - msg: TypeError: undefined is not an object (evaluating '$.browser.msie')

  phantomjs://platform/console++.js:263 in error
[ERROR - 2016-11-05T10:49:20.617Z] Session [f9f681c0-a328-11e6-82aa-05b725befa84] - page.onError - stack:
  l (http://www.500cache.com/live/js/common_ws.js?v=20151112:31)
  B (http://www.500cache.com/live/js/common_ws.js?v=20151112:43)
  (anonymous function) (http://www.500cache.com/live/js/common_ws.js?v=20151112:44)
  emit (http://www.500cache.com/live/js/socket.io-1.3.4.js?v=20150812:1)
  onevent (http://www.500cache.com/live/js/socket.io-1.3.4.js?v=20150812:1)
  onpacket (http://www.500cache.com/live/js/socket.io-1.3.4.js?v=20150812:1)
  (anonymous function) (http://www.500cache.com/live/js/socket.io-1.3.4.js?v=20150812:1)
  emit (http://www.500cache.com/live/js/socket.io-1.3.4.js?v=20150812:1)
  ondecoded (http://www.500cache.com/live/js/socket.io-1.3.4.js?v=20150812:1)
  (anonymous function) (http://www.500cache.com/live/js/socket.io-1.3.4.js?v=20150812:1)
  emit (http://www.500cache.com/live/js/socket.io-1.3.4.js?v=20150812:1)
  add (http://www.500cache.com/live/js/socket.io-1.3.4.js?v=20150812:3)
  ondata (http://www.500cache.com/live/js/socket.io-1.3.4.js?v=20150812:1)
  (anonymous function) (http://www.500cache.com/live/js/socket.io-1.3.4.js?v=20150812:1)
  emit (http://www.500cache.com/live/js/socket.io-1.3.4.js?v=20150812:1)
  onPacket (http://www.500cache.com/live/js/socket.io-1.3.4.js?v=20150812:1)
  (anonymous function) (http://www.500cache.com/live/js/socket.io-1.3.4.js?v=20150812:1)
  emit (http://www.500cache.com/live/js/socket.io-1.3.4.js?v=20150812:1)
  onPacket (http://www.500cache.com/live/js/socket.io-1.3.4.js?v=20150812:1)
  onData (http://www.500cache.com/live/js/socket.io-1.3.4.js?v=20150812:1)
  onmessage (http://www.500cache.com/live/js/socket.io-1.3.4.js?v=20150812:2)

  phantomjs://platform/console++.js:263 in error
[INFO  - 2016-11-05T10:50:04.467Z] SessionManagerReqHand - _cleanupWindowlessSessions - Asynchronous Sessions clean-up phase starting NOW
[INFO  - 2016-11-05T10:55:04.485Z] SessionManagerReqHand - _cleanupWindowlessSessions - Asynchronous Sessions clean-up phase starting NOW
[ERROR - 2016-11-05T10:58:55.373Z] Session [f9f681c0-a328-11e6-82aa-05b725befa84] - page.onError - msg: TypeError: undefined is not an object (evaluating '$.browser.msie')

  phantomjs://platform/console++.js:263 in error
[ERROR - 2016-11-05T10:58:55.373Z] Session [f9f681c0-a328-11e6-82aa-05b725befa84] - page.onError - stack:
  l (http://www.500cache.com/live/js/common_ws.js?v=20151112:31)
  B (http://www.500cache.com/live/js/common_ws.js?v=20151112:43)
  (anonymous function) (http://www.500cache.com/live/js/common_ws.js?v=20151112:44)
  emit (http://www.500cache.com/live/js/socket.io-1.3.4.js?v=20150812:1)
  onevent (http://www.500cache.com/live/js/socket.io-1.3.4.js?v=20150812:1)
  onpacket (http://www.500cache.com/live/js/socket.io-1.3.4.js?v=20150812:1)
  (anonymous function) (http://www.500cache.com/live/js/socket.io-1.3.4.js?v=20150812:1)
  emit (http://www.500cache.com/live/js/socket.io-1.3.4.js?v=20150812:1)
  ondecoded (http://www.500cache.com/live/js/socket.io-1.3.4.js?v=20150812:1)
  (anonymous function) (http://www.500cache.com/live/js/socket.io-1.3.4.js?v=20150812:1)
  emit (http://www.500cache.com/live/js/socket.io-1.3.4.js?v=20150812:1)
  add (http://www.500cache.com/live/js/socket.io-1.3.4.js?v=20150812:3)
  ondata (http://www.500cache.com/live/js/socket.io-1.3.4.js?v=20150812:1)
  (anonymous function) (http://www.500cache.com/live/js/socket.io-1.3.4.js?v=20150812:1)
  emit (http://www.500cache.com/live/js/socket.io-1.3.4.js?v=20150812:1)
  onPacket (http://www.500cache.com/live/js/socket.io-1.3.4.js?v=20150812:1)
  (anonymous function) (http://www.500cache.com/live/js/socket.io-1.3.4.js?v=20150812:1)
  emit (http://www.500cache.com/live/js/socket.io-1.3.4.js?v=20150812:1)
  onPacket (http://www.500cache.com/live/js/socket.io-1.3.4.js?v=20150812:1)
  onData (http://www.500cache.com/live/js/socket.io-1.3.4.js?v=20150812:1)
  onmessage (http://www.500cache.com/live/js/socket.io-1.3.4.js?v=20150812:2)

  phantomjs://platform/console++.js:263 in error
[INFO  - 2016-11-05T11:00:04.501Z] SessionManagerReqHand - _cleanupWindowlessSessions - Asynchronous Sessions clean-up phase starting NOW
[INFO  - 2016-11-05T11:05:04.520Z] SessionManagerReqHand - _cleanupWindowlessSessions - Asynchronous Sessions clean-up phase starting NOW
[INFO  - 2016-11-05T11:10:04.535Z] SessionManagerReqHand - _cleanupWindowlessSessions - Asynchronous Sessions clean-up phase starting NOW
[INFO  - 2016-11-05T11:15:04.550Z] SessionManagerReqHand - _cleanupWindowlessSessions - Asynchronous Sessions clean-up phase starting NOW
[ERROR - 2016-11-05T11:18:02.519Z] Session [f9f681c0-a328-11e6-82aa-05b725befa84] - page.onError - msg: TypeError: undefined is not an object (evaluating '$.browser.msie')

  phantomjs://platform/console++.js:263 in error
[ERROR - 2016-11-05T11:18:02.527Z] Session [f9f681c0-a328-11e6-82aa-05b725befa84] - page.onError - stack:
  l (http://www.500cache.com/live/js/common_ws.js?v=20151112:31)
  B (http://www.500cache.com/live/js/common_ws.js?v=20151112:43)
  (anonymous function) (http://www.500cache.com/live/js/common_ws.js?v=20151112:44)
  emit (http://www.500cache.com/live/js/socket.io-1.3.4.js?v=20150812:1)
  onevent (http://www.500cache.com/live/js/socket.io-1.3.4.js?v=20150812:1)
  onpacket (http://www.500cache.com/live/js/socket.io-1.3.4.js?v=20150812:1)
  (anonymous function) (http://www.500cache.com/live/js/socket.io-1.3.4.js?v=20150812:1)
  emit (http://www.500cache.com/live/js/socket.io-1.3.4.js?v=20150812:1)
  ondecoded (http://www.500cache.com/live/js/socket.io-1.3.4.js?v=20150812:1)
  (anonymous function) (http://www.500cache.com/live/js/socket.io-1.3.4.js?v=20150812:1)
  emit (http://www.500cache.com/live/js/socket.io-1.3.4.js?v=20150812:1)
  add (http://www.500cache.com/live/js/socket.io-1.3.4.js?v=20150812:3)
  ondata (http://www.500cache.com/live/js/socket.io-1.3.4.js?v=20150812:1)
  (anonymous function) (http://www.500cache.com/live/js/socket.io-1.3.4.js?v=20150812:1)
  emit (http://www.500cache.com/live/js/socket.io-1.3.4.js?v=20150812:1)
  onPacket (http://www.500cache.com/live/js/socket.io-1.3.4.js?v=20150812:1)
  (anonymous function) (http://www.500cache.com/live/js/socket.io-1.3.4.js?v=20150812:1)
  emit (http://www.500cache.com/live/js/socket.io-1.3.4.js?v=20150812:1)
  onPacket (http://www.500cache.com/live/js/socket.io-1.3.4.js?v=20150812:1)
  onData (http://www.500cache.com/live/js/socket.io-1.3.4.js?v=20150812:1)
  onmessage (http://www.500cache.com/live/js/socket.io-1.3.4.js?v=20150812:2)

  phantomjs://platform/console++.js:263 in error
[INFO  - 2016-11-05T11:20:04.568Z] SessionManagerReqHand - _cleanupWindowlessSessions - Asynchronous Sessions clean-up phase starting NOW
[INFO  - 2016-11-05T11:25:04.585Z] SessionManagerReqHand - _cleanupWindowlessSessions - Asynchronous Sessions clean-up phase starting NOW
[INFO  - 2016-11-05T11:30:04.609Z] SessionManagerReqHand - _cleanupWindowlessSessions - Asynchronous Sessions clean-up phase starting NOW
[INFO  - 2016-11-05T11:35:04.623Z] SessionManagerReqHand - _cleanupWindowlessSessions - Asynchronous Sessions clean-up phase starting NOW
[ERROR - 2016-11-05T11:38:37.599Z] Session [f9f681c0-a328-11e6-82aa-05b725befa84] - page.onError - msg: TypeError: undefined is not an object (evaluating '$.browser.msie')

  phantomjs://platform/console++.js:263 in error
[ERROR - 2016-11-05T11:38:37.608Z] Session [f9f681c0-a328-11e6-82aa-05b725befa84] - page.onError - stack:
  l (http://www.500cache.com/live/js/common_ws.js?v=20151112:31)
  B (http://www.500cache.com/live/js/common_ws.js?v=20151112:43)
  (anonymous function) (http://www.500cache.com/live/js/common_ws.js?v=20151112:44)
  emit (http://www.500cache.com/live/js/socket.io-1.3.4.js?v=20150812:1)
  onevent (http://www.500cache.com/live/js/socket.io-1.3.4.js?v=20150812:1)
  onpacket (http://www.500cache.com/live/js/socket.io-1.3.4.js?v=20150812:1)
  (anonymous function) (http://www.500cache.com/live/js/socket.io-1.3.4.js?v=20150812:1)
  emit (http://www.500cache.com/live/js/socket.io-1.3.4.js?v=20150812:1)
  ondecoded (http://www.500cache.com/live/js/socket.io-1.3.4.js?v=20150812:1)
  (anonymous function) (http://www.500cache.com/live/js/socket.io-1.3.4.js?v=20150812:1)
  emit (http://www.500cache.com/live/js/socket.io-1.3.4.js?v=20150812:1)
  add (http://www.500cache.com/live/js/socket.io-1.3.4.js?v=20150812:3)
  ondata (http://www.500cache.com/live/js/socket.io-1.3.4.js?v=20150812:1)
  (anonymous function) (http://www.500cache.com/live/js/socket.io-1.3.4.js?v=20150812:1)
  emit (http://www.500cache.com/live/js/socket.io-1.3.4.js?v=20150812:1)
  onPacket (http://www.500cache.com/live/js/socket.io-1.3.4.js?v=20150812:1)
  (anonymous function) (http://www.500cache.com/live/js/socket.io-1.3.4.js?v=20150812:1)
  emit (http://www.500cache.com/live/js/socket.io-1.3.4.js?v=20150812:1)
  onPacket (http://www.500cache.com/live/js/socket.io-1.3.4.js?v=20150812:1)
  onData (http://www.500cache.com/live/js/socket.io-1.3.4.js?v=20150812:1)
  onmessage (http://www.500cache.com/live/js/socket.io-1.3.4.js?v=20150812:2)

  phantomjs://platform/console++.js:263 in error
[INFO  - 2016-11-05T11:40:04.644Z] SessionManagerReqHand - _cleanupWindowlessSessions - Asynchronous Sessions clean-up phase starting NOW
[ERROR - 2016-11-05T11:40:39.988Z] Session [f9f681c0-a328-11e6-82aa-05b725befa84] - page.onError - msg: TypeError: undefined is not an object (evaluating '$.browser.msie')

  phantomjs://platform/console++.js:263 in error
[ERROR - 2016-11-05T11:40:39.988Z] Session [f9f681c0-a328-11e6-82aa-05b725befa84] - page.onError - stack:
  l (http://www.500cache.com/live/js/common_ws.js?v=20151112:31)
  B (http://www.500cache.com/live/js/common_ws.js?v=20151112:43)
  (anonymous function) (http://www.500cache.com/live/js/common_ws.js?v=20151112:44)
  emit (http://www.500cache.com/live/js/socket.io-1.3.4.js?v=20150812:1)
  onevent (http://www.500cache.com/live/js/socket.io-1.3.4.js?v=20150812:1)
  onpacket (http://www.500cache.com/live/js/socket.io-1.3.4.js?v=20150812:1)
  (anonymous function) (http://www.500cache.com/live/js/socket.io-1.3.4.js?v=20150812:1)
  emit (http://www.500cache.com/live/js/socket.io-1.3.4.js?v=20150812:1)
  ondecoded (http://www.500cache.com/live/js/socket.io-1.3.4.js?v=20150812:1)
  (anonymous function) (http://www.500cache.com/live/js/socket.io-1.3.4.js?v=20150812:1)
  emit (http://www.500cache.com/live/js/socket.io-1.3.4.js?v=20150812:1)
  add (http://www.500cache.com/live/js/socket.io-1.3.4.js?v=20150812:3)
  ondata (http://www.500cache.com/live/js/socket.io-1.3.4.js?v=20150812:1)
  (anonymous function) (http://www.500cache.com/live/js/socket.io-1.3.4.js?v=20150812:1)
  emit (http://www.500cache.com/live/js/socket.io-1.3.4.js?v=20150812:1)
  onPacket (http://www.500cache.com/live/js/socket.io-1.3.4.js?v=20150812:1)
  (anonymous function) (http://www.500cache.com/live/js/socket.io-1.3.4.js?v=20150812:1)
  emit (http://www.500cache.com/live/js/socket.io-1.3.4.js?v=20150812:1)
  onPacket (http://www.500cache.com/live/js/socket.io-1.3.4.js?v=20150812:1)
  onData (http://www.500cache.com/live/js/socket.io-1.3.4.js?v=20150812:1)
  onmessage (http://www.500cache.com/live/js/socket.io-1.3.4.js?v=20150812:2)

  phantomjs://platform/console++.js:263 in error
[INFO  - 2016-11-05T11:45:04.664Z] SessionManagerReqHand - _cleanupWindowlessSessions - Asynchronous Sessions clean-up phase starting NOW
[INFO  - 2016-11-05T11:50:04.680Z] SessionManagerReqHand - _cleanupWindowlessSessions - Asynchronous Sessions clean-up phase starting NOW
[INFO  - 2016-11-05T11:55:04.695Z] SessionManagerReqHand - _cleanupWindowlessSessions - Asynchronous Sessions clean-up phase starting NOW
[ERROR - 2016-11-05T11:55:35.081Z] Session [f9f681c0-a328-11e6-82aa-05b725befa84] - page.onError - msg: ReferenceError: Can't find variable: returnCitySN

  phantomjs://platform/console++.js:263 in error
[ERROR - 2016-11-05T11:55:35.089Z] Session [f9f681c0-a328-11e6-82aa-05b725befa84] - page.onError - stack:
  daohang (http://sb.wmxyx.com/js/sjcs.js:9212)

  phantomjs://platform/console++.js:263 in error
[ERROR - 2016-11-05T11:55:35.184Z] Session [f9f681c0-a328-11e6-82aa-05b725befa84] - page.onError - msg: ReferenceError: Can't find variable: returnCitySN

  phantomjs://platform/console++.js:263 in error
[ERROR - 2016-11-05T11:55:35.185Z] Session [f9f681c0-a328-11e6-82aa-05b725befa84] - page.onError - stack:
  daohang (http://sb.wmxyx.com/js/sjcs.js:9212)

  phantomjs://platform/console++.js:263 in error
[INFO  - 2016-11-05T12:00:04.776Z] SessionManagerReqHand - _cleanupWindowlessSessions - Asynchronous Sessions clean-up phase starting NOW
[INFO  - 2016-11-05T12:05:04.791Z] SessionManagerReqHand - _cleanupWindowlessSessions - Asynchronous Sessions clean-up phase starting NOW
[INFO  - 2016-11-05T12:10:04.806Z] SessionManagerReqHand - _cleanupWindowlessSessions - Asynchronous Sessions clean-up phase starting NOW
[INFO  - 2016-11-05T12:15:04.822Z] SessionManagerReqHand - _cleanupWindowlessSessions - Asynchronous Sessions clean-up phase starting NOW
[ERROR - 2016-11-05T12:15:10.172Z] Session [f9f681c0-a328-11e6-82aa-05b725befa84] - page.onError - msg: TypeError: undefined is not an object (evaluating '$.browser.msie')

  phantomjs://platform/console++.js:263 in error
[ERROR - 2016-11-05T12:15:10.173Z] Session [f9f681c0-a328-11e6-82aa-05b725befa84] - page.onError - stack:
  l (http://www.500cache.com/live/js/common_ws.js?v=20151112:31)
  B (http://www.500cache.com/live/js/common_ws.js?v=20151112:43)
  (anonymous function) (http://www.500cache.com/live/js/common_ws.js?v=20151112:44)
  emit (http://www.500cache.com/live/js/socket.io-1.3.4.js?v=20150812:1)
  onevent (http://www.500cache.com/live/js/socket.io-1.3.4.js?v=20150812:1)
  onpacket (http://www.500cache.com/live/js/socket.io-1.3.4.js?v=20150812:1)
  (anonymous function) (http://www.500cache.com/live/js/socket.io-1.3.4.js?v=20150812:1)
  emit (http://www.500cache.com/live/js/socket.io-1.3.4.js?v=20150812:1)
  ondecoded (http://www.500cache.com/live/js/socket.io-1.3.4.js?v=20150812:1)
  (anonymous function) (http://www.500cache.com/live/js/socket.io-1.3.4.js?v=20150812:1)
  emit (http://www.500cache.com/live/js/socket.io-1.3.4.js?v=20150812:1)
  add (http://www.500cache.com/live/js/socket.io-1.3.4.js?v=20150812:3)
  ondata (http://www.500cache.com/live/js/socket.io-1.3.4.js?v=20150812:1)
  (anonymous function) (http://www.500cache.com/live/js/socket.io-1.3.4.js?v=20150812:1)
  emit (http://www.500cache.com/live/js/socket.io-1.3.4.js?v=20150812:1)
  onPacket (http://www.500cache.com/live/js/socket.io-1.3.4.js?v=20150812:1)
  (anonymous function) (http://www.500cache.com/live/js/socket.io-1.3.4.js?v=20150812:1)
  emit (http://www.500cache.com/live/js/socket.io-1.3.4.js?v=20150812:1)
  onPacket (http://www.500cache.com/live/js/socket.io-1.3.4.js?v=20150812:1)
  onData (http://www.500cache.com/live/js/socket.io-1.3.4.js?v=20150812:1)
  onmessage (http://www.500cache.com/live/js/socket.io-1.3.4.js?v=20150812:2)

  phantomjs://platform/console++.js:263 in error
[ERROR - 2016-11-05T12:17:49.675Z] Session [f9f681c0-a328-11e6-82aa-05b725befa84] - page.onError - msg: ReferenceError: Can't find variable: returnCitySN

  phantomjs://platform/console++.js:263 in error
[ERROR - 2016-11-05T12:17:49.684Z] Session [f9f681c0-a328-11e6-82aa-05b725befa84] - page.onError - stack:
  daohang (http://sb.wmxyx.com/js/sjcs.js:9212)

  phantomjs://platform/console++.js:263 in error
[ERROR - 2016-11-05T12:17:49.780Z] Session [f9f681c0-a328-11e6-82aa-05b725befa84] - page.onError - msg: ReferenceError: Can't find variable: returnCitySN

  phantomjs://platform/console++.js:263 in error
[ERROR - 2016-11-05T12:17:49.780Z] Session [f9f681c0-a328-11e6-82aa-05b725befa84] - page.onError - stack:
  daohang (http://sb.wmxyx.com/js/sjcs.js:9212)

  phantomjs://platform/console++.js:263 in error
[INFO  - 2016-11-05T12:20:04.837Z] SessionManagerReqHand - _cleanupWindowlessSessions - Asynchronous Sessions clean-up phase starting NOW
[INFO  - 2016-11-05T12:25:04.852Z] SessionManagerReqHand - _cleanupWindowlessSessions - Asynchronous Sessions clean-up phase starting NOW
[INFO  - 2016-11-05T12:30:04.870Z] SessionManagerReqHand - _cleanupWindowlessSessions - Asynchronous Sessions clean-up phase starting NOW
[INFO  - 2016-11-05T12:35:04.887Z] SessionManagerReqHand - _cleanupWindowlessSessions - Asynchronous Sessions clean-up phase starting NOW
[ERROR - 2016-11-05T12:35:16.743Z] Session [f9f681c0-a328-11e6-82aa-05b725befa84] - page.onError - msg: TypeError: undefined is not an object (evaluating '$.browser.msie')

  phantomjs://platform/console++.js:263 in error
[ERROR - 2016-11-05T12:35:16.743Z] Session [f9f681c0-a328-11e6-82aa-05b725befa84] - page.onError - stack:
  l (http://www.500cache.com/live/js/common_ws.js?v=20151112:31)
  B (http://www.500cache.com/live/js/common_ws.js?v=20151112:43)
  (anonymous function) (http://www.500cache.com/live/js/common_ws.js?v=20151112:44)
  emit (http://www.500cache.com/live/js/socket.io-1.3.4.js?v=20150812:1)
  onevent (http://www.500cache.com/live/js/socket.io-1.3.4.js?v=20150812:1)
  onpacket (http://www.500cache.com/live/js/socket.io-1.3.4.js?v=20150812:1)
  (anonymous function) (http://www.500cache.com/live/js/socket.io-1.3.4.js?v=20150812:1)
  emit (http://www.500cache.com/live/js/socket.io-1.3.4.js?v=20150812:1)
  ondecoded (http://www.500cache.com/live/js/socket.io-1.3.4.js?v=20150812:1)
  (anonymous function) (http://www.500cache.com/live/js/socket.io-1.3.4.js?v=20150812:1)
  emit (http://www.500cache.com/live/js/socket.io-1.3.4.js?v=20150812:1)
  add (http://www.500cache.com/live/js/socket.io-1.3.4.js?v=20150812:3)
  ondata (http://www.500cache.com/live/js/socket.io-1.3.4.js?v=20150812:1)
  (anonymous function) (http://www.500cache.com/live/js/socket.io-1.3.4.js?v=20150812:1)
  emit (http://www.500cache.com/live/js/socket.io-1.3.4.js?v=20150812:1)
  onPacket (http://www.500cache.com/live/js/socket.io-1.3.4.js?v=20150812:1)
  (anonymous function) (http://www.500cache.com/live/js/socket.io-1.3.4.js?v=20150812:1)
  emit (http://www.500cache.com/live/js/socket.io-1.3.4.js?v=20150812:1)
  onPacket (http://www.500cache.com/live/js/socket.io-1.3.4.js?v=20150812:1)
  onData (http://www.500cache.com/live/js/socket.io-1.3.4.js?v=20150812:1)
  onmessage (http://www.500cache.com/live/js/socket.io-1.3.4.js?v=20150812:2)

  phantomjs://platform/console++.js:263 in error
[INFO  - 2016-11-05T12:40:04.902Z] SessionManagerReqHand - _cleanupWindowlessSessions - Asynchronous Sessions clean-up phase starting NOW
[INFO  - 2016-11-05T12:45:04.917Z] SessionManagerReqHand - _cleanupWindowlessSessions - Asynchronous Sessions clean-up phase starting NOW
[INFO  - 2016-11-05T12:50:04.932Z] SessionManagerReqHand - _cleanupWindowlessSessions - Asynchronous Sessions clean-up phase starting NOW
[INFO  - 2016-11-05T12:55:04.947Z] SessionManagerReqHand - _cleanupWindowlessSessions - Asynchronous Sessions clean-up phase starting NOW
[INFO  - 2016-11-05T13:00:04.962Z] SessionManagerReqHand - _cleanupWindowlessSessions - Asynchronous Sessions clean-up phase starting NOW
[INFO  - 2016-11-05T13:05:04.981Z] SessionManagerReqHand - _cleanupWindowlessSessions - Asynchronous Sessions clean-up phase starting NOW
[ERROR - 2016-11-05T13:07:29.646Z] Session [f9f681c0-a328-11e6-82aa-05b725befa84] - page.onError - msg: TypeError: undefined is not an object (evaluating '$.browser.msie')

  phantomjs://platform/console++.js:263 in error
[ERROR - 2016-11-05T13:07:29.646Z] Session [f9f681c0-a328-11e6-82aa-05b725befa84] - page.onError - stack:
  l (http://www.500cache.com/live/js/common_ws.js?v=20151112:31)
  B (http://www.500cache.com/live/js/common_ws.js?v=20151112:43)
  (anonymous function) (http://www.500cache.com/live/js/common_ws.js?v=20151112:44)
  emit (http://www.500cache.com/live/js/socket.io-1.3.4.js?v=20150812:1)
  onevent (http://www.500cache.com/live/js/socket.io-1.3.4.js?v=20150812:1)
  onpacket (http://www.500cache.com/live/js/socket.io-1.3.4.js?v=20150812:1)
  (anonymous function) (http://www.500cache.com/live/js/socket.io-1.3.4.js?v=20150812:1)
  emit (http://www.500cache.com/live/js/socket.io-1.3.4.js?v=20150812:1)
  ondecoded (http://www.500cache.com/live/js/socket.io-1.3.4.js?v=20150812:1)
  (anonymous function) (http://www.500cache.com/live/js/socket.io-1.3.4.js?v=20150812:1)
  emit (http://www.500cache.com/live/js/socket.io-1.3.4.js?v=20150812:1)
  add (http://www.500cache.com/live/js/socket.io-1.3.4.js?v=20150812:3)
  ondata (http://www.500cache.com/live/js/socket.io-1.3.4.js?v=20150812:1)
  (anonymous function) (http://www.500cache.com/live/js/socket.io-1.3.4.js?v=20150812:1)
  emit (http://www.500cache.com/live/js/socket.io-1.3.4.js?v=20150812:1)
  onPacket (http://www.500cache.com/live/js/socket.io-1.3.4.js?v=20150812:1)
  (anonymous function) (http://www.500cache.com/live/js/socket.io-1.3.4.js?v=20150812:1)
  emit (http://www.500cache.com/live/js/socket.io-1.3.4.js?v=20150812:1)
  onPacket (http://www.500cache.com/live/js/socket.io-1.3.4.js?v=20150812:1)
  onData (http://www.500cache.com/live/js/socket.io-1.3.4.js?v=20150812:1)
  onmessage (http://www.500cache.com/live/js/socket.io-1.3.4.js?v=20150812:2)

  phantomjs://platform/console++.js:263 in error
[INFO  - 2016-11-05T13:10:04.996Z] SessionManagerReqHand - _cleanupWindowlessSessions - Asynchronous Sessions clean-up phase starting NOW
[INFO  - 2016-11-05T13:15:05.013Z] SessionManagerReqHand - _cleanupWindowlessSessions - Asynchronous Sessions clean-up phase starting NOW
[INFO  - 2016-11-05T13:20:05.033Z] SessionManagerReqHand - _cleanupWindowlessSessions - Asynchronous Sessions clean-up phase starting NOW
